2019-03-28 13:07:38,190 - Log4JLogChute initialized using file 'velocity.log'
2019-03-28 13:07:38,191 - Initializing Velocity, Calling init()...
2019-03-28 13:07:38,191 - Starting Apache Velocity v1.7 (compiled: 2010-11-19 12:14:37)
2019-03-28 13:07:38,191 - Default Properties File: org/apache/velocity/runtime/defaults/velocity.properties
2019-03-28 13:07:38,191 - Trying to use logger class org.apache.velocity.runtime.log.AvalonLogChute
2019-03-28 13:07:38,191 - Target log system for org.apache.velocity.runtime.log.AvalonLogChute is not available (java.lang.NoClassDefFoundError: org/apache/log/format/Formatter).  Falling back to next log system...
2019-03-28 13:07:38,191 - Trying to use logger class org.apache.velocity.runtime.log.Log4JLogChute
2019-03-28 13:07:38,191 - Using logger class org.apache.velocity.runtime.log.Log4JLogChute
2019-03-28 13:07:38,197 - ResourceLoader instantiated: org.apache.velocity.runtime.resource.loader.FileResourceLoader
2019-03-28 13:07:38,198 - Do unicode file recognition:  false
2019-03-28 13:07:38,198 - FileResourceLoader : adding path '/home/cavisson/work/webapps/netstorm/analyze/reports/jdbq_templates'
2019-03-28 13:07:38,261 - ResourceCache: initialized (class org.apache.velocity.runtime.resource.ResourceCacheImpl) with class java.util.Collections$SynchronizedMap cache map.
2019-03-28 13:07:38,267 - Loaded System Directive: org.apache.velocity.runtime.directive.Stop
2019-03-28 13:07:38,268 - Loaded System Directive: org.apache.velocity.runtime.directive.Define
2019-03-28 13:07:38,268 - Loaded System Directive: org.apache.velocity.runtime.directive.Break
2019-03-28 13:07:38,269 - Loaded System Directive: org.apache.velocity.runtime.directive.Evaluate
2019-03-28 13:07:38,270 - Loaded System Directive: org.apache.velocity.runtime.directive.Literal
2019-03-28 13:07:38,271 - Loaded System Directive: org.apache.velocity.runtime.directive.Macro
2019-03-28 13:07:38,272 - Loaded System Directive: org.apache.velocity.runtime.directive.Parse
2019-03-28 13:07:38,273 - Loaded System Directive: org.apache.velocity.runtime.directive.Include
2019-03-28 13:07:38,274 - Loaded System Directive: org.apache.velocity.runtime.directive.Foreach
2019-03-28 13:07:38,309 - Created '20' parsers.
2019-03-28 13:07:38,315 - Velocimacro : "velocimacro.library" is not set.  Trying default library: VM_global_library.vm
2019-03-28 13:07:38,339 - Velocimacro : Default library not found.
2019-03-28 13:07:38,340 - Velocimacro : allowInline = true : VMs can be defined inline in templates
2019-03-28 13:07:38,340 - Velocimacro : allowInlineToOverride = false : VMs defined inline may NOT replace previous VM definitions
2019-03-28 13:07:38,340 - Velocimacro : allowInlineLocal = false : VMs defined inline will be global in scope if allowed.
2019-03-28 13:07:38,340 - Velocimacro : autoload off : VM system will not automatically reload global library macros
2019-03-28 13:07:38,362 - ResourceManager : found OVERALLERRORCODELIST with loader org.apache.velocity.runtime.resource.loader.FileResourceLoader
2019-03-28 13:07:49,229 - Log4JLogChute initialized using file 'velocity.log'
2019-03-28 13:07:49,229 - Initializing Velocity, Calling init()...
2019-03-28 13:07:49,229 - Starting Apache Velocity v1.7 (compiled: 2010-11-19 12:14:37)
2019-03-28 13:07:49,229 - Default Properties File: org/apache/velocity/runtime/defaults/velocity.properties
2019-03-28 13:07:49,229 - Trying to use logger class org.apache.velocity.runtime.log.AvalonLogChute
2019-03-28 13:07:49,229 - Target log system for org.apache.velocity.runtime.log.AvalonLogChute is not available (java.lang.NoClassDefFoundError: org/apache/log/format/Formatter).  Falling back to next log system...
2019-03-28 13:07:49,229 - Trying to use logger class org.apache.velocity.runtime.log.Log4JLogChute
2019-03-28 13:07:49,229 - Using logger class org.apache.velocity.runtime.log.Log4JLogChute
2019-03-28 13:07:49,229 - ResourceLoader instantiated: org.apache.velocity.runtime.resource.loader.FileResourceLoader
2019-03-28 13:07:49,229 - Do unicode file recognition:  false
2019-03-28 13:07:49,229 - FileResourceLoader : adding path '/home/cavisson/work/webapps/netstorm/analyze/reports/jdbq_templates'
2019-03-28 13:07:49,229 - ResourceCache: initialized (class org.apache.velocity.runtime.resource.ResourceCacheImpl) with class java.util.Collections$SynchronizedMap cache map.
2019-03-28 13:07:49,234 - Loaded System Directive: org.apache.velocity.runtime.directive.Stop
2019-03-28 13:07:49,234 - Loaded System Directive: org.apache.velocity.runtime.directive.Define
2019-03-28 13:07:49,234 - Loaded System Directive: org.apache.velocity.runtime.directive.Break
2019-03-28 13:07:49,234 - Loaded System Directive: org.apache.velocity.runtime.directive.Evaluate
2019-03-28 13:07:49,234 - Loaded System Directive: org.apache.velocity.runtime.directive.Literal
2019-03-28 13:07:49,234 - Loaded System Directive: org.apache.velocity.runtime.directive.Macro
2019-03-28 13:07:49,234 - Loaded System Directive: org.apache.velocity.runtime.directive.Parse
2019-03-28 13:07:49,234 - Loaded System Directive: org.apache.velocity.runtime.directive.Include
2019-03-28 13:07:49,234 - Loaded System Directive: org.apache.velocity.runtime.directive.Foreach
2019-03-28 13:07:49,251 - Created '20' parsers.
2019-03-28 13:07:49,251 - Velocimacro : "velocimacro.library" is not set.  Trying default library: VM_global_library.vm
2019-03-28 13:07:49,251 - Velocimacro : Default library not found.
2019-03-28 13:07:49,251 - Velocimacro : allowInline = true : VMs can be defined inline in templates
2019-03-28 13:07:49,251 - Velocimacro : allowInlineToOverride = false : VMs defined inline may NOT replace previous VM definitions
2019-03-28 13:07:49,251 - Velocimacro : allowInlineLocal = false : VMs defined inline will be global in scope if allowed.
2019-03-28 13:07:49,251 - Velocimacro : autoload off : VM system will not automatically reload global library macros
2019-03-28 13:07:49,252 - ResourceManager : found OVERALLERRORCODELIST with loader org.apache.velocity.runtime.resource.loader.FileResourceLoader
